2018-10-21 17:05:22,895 [6] INFO Microsoft.AspNetCore.Hosting.Internal.WebHost - Request starting HTTP/1.1 POST http://localhost/api/ericamqhub/negotiate  0
2018-10-21 17:05:24,168 [3] INFO Microsoft.AspNetCore.Authentication.JwtBearer.JwtBearerHandler - Successfully validated the token.
2018-10-21 17:05:24,655 [3] INFO Microsoft.AspNetCore.Authorization.DefaultAuthorizationService - Authorization was successful.
2018-10-21 17:05:24,731 [3] INFO Microsoft.AspNetCore.Hosting.Internal.WebHost - Request finished in 1846.9916ms 200 application/json
2018-10-21 17:05:24,913 [9] INFO Microsoft.AspNetCore.Hosting.Internal.WebHost - Request starting HTTP/1.1 GET http://localhost/api/ericamqhub?id=4RXH9WzEBnAlyBzsg8KDJg  
2018-10-21 17:05:24,935 [9] INFO Microsoft.AspNetCore.Authentication.JwtBearer.JwtBearerHandler - Successfully validated the token.
2018-10-21 17:05:24,987 [9] INFO Microsoft.AspNetCore.Authorization.DefaultAuthorizationService - Authorization was successful.
2018-10-21 17:05:25,459 [6] INFO Microsoft.AspNetCore.SignalR.HubConnectionContext - Completed connection handshake. Using HubProtocol 'json'.
2018-10-21 17:05:25,863 [13] INFO Microsoft.AspNetCore.Hosting.Internal.WebHost - Request starting HTTP/1.1 POST http://localhost/api/ericamq application/json; charset=utf-8 551
2018-10-21 17:05:25,895 [13] INFO Microsoft.AspNetCore.Authentication.JwtBearer.JwtBearerHandler - Successfully validated the token.
2018-10-21 17:05:26,082 [13] INFO Microsoft.AspNetCore.Mvc.Internal.ControllerActionInvoker - Route matched with {action = "Post", controller = "EricaMQ"}. Executing action Erica.MQ.Controllers.EricaMQController.Post (Erica.MQ)
2018-10-21 17:05:26,317 [13] INFO Microsoft.AspNetCore.Authorization.DefaultAuthorizationService - Authorization was successful.
2018-10-21 17:05:27,132 [13] INFO Microsoft.AspNetCore.Mvc.Internal.ControllerActionInvoker - Executing action method Erica.MQ.Controllers.EricaMQController.Post (Erica.MQ) with arguments (Erica.MQ.Models.SQL.EricaMQ_Message) - Validation state: Valid
2018-10-21 17:05:28,384 [13] INFO Microsoft.EntityFrameworkCore.Infrastructure - Entity Framework Core 2.2.0-preview2-35157 initialized 'EricaMQ_DBContext' using provider 'Microsoft.EntityFrameworkCore.SqlServer' with options: None
2018-10-21 17:05:30,063 [13] INFO Microsoft.EntityFrameworkCore.Database.Command - Executed DbCommand (287ms) [Parameters=[@p0='?' (Size = 4000), @p1='?' (Size = 4000), @p2='?' (DbType = DateTime2), @p3='?' (Size = 4000), @p4='?' (Size = 4000), @p5='?' (DbType = DateTime2), @p6='?' (Size = 4000)], CommandType='Text', CommandTimeout='30']
SET NOCOUNT ON;
INSERT INTO [EricaMQ_Messages] ([AdapterAssemblyQualifiedName], [Context], [CreatedDateTime], [Data], [FileAttachmentGUID], [ModifiedDateTime], [Sender])
VALUES (@p0, @p1, @p2, @p3, @p4, @p5, @p6);
SELECT [Id]
FROM [EricaMQ_Messages]
WHERE @@ROWCOUNT = 1 AND [Id] = scope_identity();
2018-10-21 17:05:30,285 [13] INFO Erica.MQ, Version=1.0.0.0, Culture=neutral, PublicKeyToken=null - Executing a POST, results are Erica.MQ.Models.SQL.EricaMQ_Message
2018-10-21 17:05:30,297 [13] INFO Microsoft.AspNetCore.Mvc.Internal.ControllerActionInvoker - Executed action method Erica.MQ.Controllers.EricaMQController.Post (Erica.MQ), returned result Microsoft.AspNetCore.Mvc.JsonResult in 3153.1347ms.
2018-10-21 17:05:30,310 [13] INFO Microsoft.AspNetCore.Mvc.Formatters.Json.Internal.JsonResultExecutor - Executing JsonResult, writing value of type 'Erica.MQ.Models.SQL.EricaMQ_Message'.
2018-10-21 17:05:30,334 [13] INFO Microsoft.AspNetCore.Mvc.Internal.ControllerActionInvoker - Executed action Erica.MQ.Controllers.EricaMQController.Post (Erica.MQ) in 4194.7145ms
2018-10-21 17:05:30,364 [13] INFO Microsoft.AspNetCore.Hosting.Internal.WebHost - Request finished in 4498.1835ms 200 application/json; charset=utf-8
2018-10-21 17:05:30,487 [10] INFO Microsoft.EntityFrameworkCore.Infrastructure - Entity Framework Core 2.2.0-preview2-35157 initialized 'EricaMQ_DBContext' using provider 'Microsoft.EntityFrameworkCore.SqlServer' with options: None
2018-10-21 17:05:30,866 [10] WARN Microsoft.EntityFrameworkCore.Query - Query: '(from EricaMQ_Message msg in DbSet<EricaMQ_Message> where int Compare( 
    t1: [msg].CreatedDateTi...' uses a row limiting operation (Skip/Take) without OrderBy which may lead to unpredictable results.
2018-10-21 17:05:31,343 [10] WARN Microsoft.EntityFrameworkCore.Query - The LINQ expression 'where ((Compare([msg].CreatedDateTime, __afterThisTimeStamp_0) > 0) AndAlso (Compare([msg].CreatedDateTime, __beforeThisTimeStamp_1) < 0))' could not be translated and will be evaluated locally.
2018-10-21 17:05:31,398 [10] WARN Microsoft.EntityFrameworkCore.Query - The LINQ expression 'Take(__p_2)' could not be translated and will be evaluated locally.
2018-10-21 17:05:31,610 [10] INFO Microsoft.EntityFrameworkCore.Database.Command - Executed DbCommand (17ms) [Parameters=[], CommandType='Text', CommandTimeout='30']
SELECT [msg].[Id], [msg].[AdapterAssemblyQualifiedName], [msg].[Context], [msg].[CreatedDateTime], [msg].[Data], [msg].[FileAttachmentGUID], [msg].[ModifiedDateTime], [msg].[Sender]
FROM [EricaMQ_Messages] AS [msg]
2018-10-21 17:05:31,874 [14] INFO Microsoft.EntityFrameworkCore.Infrastructure - Entity Framework Core 2.2.0-preview2-35157 initialized 'EricaMQ_DBContext' using provider 'Microsoft.EntityFrameworkCore.SqlServer' with options: None
2018-10-21 17:05:31,906 [14] INFO Microsoft.EntityFrameworkCore.Database.Command - Executed DbCommand (2ms) [Parameters=[], CommandType='Text', CommandTimeout='30']
SELECT [msg].[Id], [msg].[AdapterAssemblyQualifiedName], [msg].[Context], [msg].[CreatedDateTime], [msg].[Data], [msg].[FileAttachmentGUID], [msg].[ModifiedDateTime], [msg].[Sender]
FROM [EricaMQ_Messages] AS [msg]
2018-10-21 17:05:32,066 [6] INFO Microsoft.AspNetCore.Hosting.Internal.WebHost - Request finished in 7176.1296ms 101 
2018-10-21 17:05:32,239 [10] INFO Microsoft.AspNetCore.Hosting.Internal.WebHost - Request starting HTTP/1.1 POST http://localhost/api/ericamq application/json; charset=utf-8 210
2018-10-21 17:05:32,246 [10] INFO Microsoft.AspNetCore.Authentication.JwtBearer.JwtBearerHandler - Successfully validated the token.
2018-10-21 17:05:32,259 [10] INFO Microsoft.AspNetCore.Mvc.Internal.ControllerActionInvoker - Route matched with {action = "Post", controller = "EricaMQ"}. Executing action Erica.MQ.Controllers.EricaMQController.Post (Erica.MQ)
2018-10-21 17:05:32,266 [10] INFO Microsoft.AspNetCore.Authorization.DefaultAuthorizationService - Authorization was successful.
2018-10-21 17:05:32,277 [10] INFO Microsoft.AspNetCore.Mvc.Internal.ControllerActionInvoker - Executing action method Erica.MQ.Controllers.EricaMQController.Post (Erica.MQ) with arguments (Erica.MQ.Models.SQL.EricaMQ_Message) - Validation state: Valid
2018-10-21 17:05:32,286 [10] INFO Microsoft.EntityFrameworkCore.Infrastructure - Entity Framework Core 2.2.0-preview2-35157 initialized 'EricaMQ_DBContext' using provider 'Microsoft.EntityFrameworkCore.SqlServer' with options: None
2018-10-21 17:05:32,303 [10] INFO Microsoft.EntityFrameworkCore.Database.Command - Executed DbCommand (4ms) [Parameters=[@p0='?' (Size = 4000), @p1='?' (Size = 4000), @p2='?' (DbType = DateTime2), @p3='?' (Size = 4000), @p4='?' (Size = 4000), @p5='?' (DbType = DateTime2), @p6='?' (Size = 4000)], CommandType='Text', CommandTimeout='30']
SET NOCOUNT ON;
INSERT INTO [EricaMQ_Messages] ([AdapterAssemblyQualifiedName], [Context], [CreatedDateTime], [Data], [FileAttachmentGUID], [ModifiedDateTime], [Sender])
VALUES (@p0, @p1, @p2, @p3, @p4, @p5, @p6);
SELECT [Id]
FROM [EricaMQ_Messages]
WHERE @@ROWCOUNT = 1 AND [Id] = scope_identity();
2018-10-21 17:05:32,319 [10] INFO Erica.MQ, Version=1.0.0.0, Culture=neutral, PublicKeyToken=null - Executing a POST, results are Erica.MQ.Models.SQL.EricaMQ_Message
2018-10-21 17:05:32,328 [10] INFO Microsoft.AspNetCore.Mvc.Internal.ControllerActionInvoker - Executed action method Erica.MQ.Controllers.EricaMQController.Post (Erica.MQ), returned result Microsoft.AspNetCore.Mvc.JsonResult in 40.0467ms.
2018-10-21 17:05:32,335 [10] INFO Microsoft.AspNetCore.Mvc.Formatters.Json.Internal.JsonResultExecutor - Executing JsonResult, writing value of type 'Erica.MQ.Models.SQL.EricaMQ_Message'.
2018-10-21 17:05:32,346 [10] INFO Microsoft.AspNetCore.Mvc.Internal.ControllerActionInvoker - Executed action Erica.MQ.Controllers.EricaMQController.Post (Erica.MQ) in 81.398ms
2018-10-21 17:05:32,367 [10] INFO Microsoft.AspNetCore.Hosting.Internal.WebHost - Request finished in 111.9654ms 200 application/json; charset=utf-8
2018-10-21 17:05:32,583 [14] INFO Microsoft.AspNetCore.Hosting.Internal.WebHost - Request starting HTTP/1.1 POST http://localhost/api/ericamq application/json; charset=utf-8 210
2018-10-21 17:05:32,698 [14] INFO Microsoft.AspNetCore.Authentication.JwtBearer.JwtBearerHandler - Successfully validated the token.
2018-10-21 17:05:32,831 [14] INFO Microsoft.AspNetCore.Mvc.Internal.ControllerActionInvoker - Route matched with {action = "Post", controller = "EricaMQ"}. Executing action Erica.MQ.Controllers.EricaMQController.Post (Erica.MQ)
2018-10-21 17:05:32,846 [14] INFO Microsoft.AspNetCore.Authorization.DefaultAuthorizationService - Authorization was successful.
2018-10-21 17:05:32,863 [14] INFO Microsoft.AspNetCore.Mvc.Internal.ControllerActionInvoker - Executing action method Erica.MQ.Controllers.EricaMQController.Post (Erica.MQ) with arguments (Erica.MQ.Models.SQL.EricaMQ_Message) - Validation state: Valid
2018-10-21 17:05:32,873 [14] INFO Microsoft.EntityFrameworkCore.Infrastructure - Entity Framework Core 2.2.0-preview2-35157 initialized 'EricaMQ_DBContext' using provider 'Microsoft.EntityFrameworkCore.SqlServer' with options: None
2018-10-21 17:05:32,888 [14] INFO Microsoft.EntityFrameworkCore.Database.Command - Executed DbCommand (6ms) [Parameters=[@p0='?' (Size = 4000), @p1='?' (Size = 4000), @p2='?' (DbType = DateTime2), @p3='?' (Size = 4000), @p4='?' (Size = 4000), @p5='?' (DbType = DateTime2), @p6='?' (Size = 4000)], CommandType='Text', CommandTimeout='30']
SET NOCOUNT ON;
INSERT INTO [EricaMQ_Messages] ([AdapterAssemblyQualifiedName], [Context], [CreatedDateTime], [Data], [FileAttachmentGUID], [ModifiedDateTime], [Sender])
VALUES (@p0, @p1, @p2, @p3, @p4, @p5, @p6);
SELECT [Id]
FROM [EricaMQ_Messages]
WHERE @@ROWCOUNT = 1 AND [Id] = scope_identity();
2018-10-21 17:05:32,899 [14] INFO Erica.MQ, Version=1.0.0.0, Culture=neutral, PublicKeyToken=null - Executing a POST, results are Erica.MQ.Models.SQL.EricaMQ_Message
2018-10-21 17:05:32,907 [14] INFO Microsoft.AspNetCore.Mvc.Internal.ControllerActionInvoker - Executed action method Erica.MQ.Controllers.EricaMQController.Post (Erica.MQ), returned result Microsoft.AspNetCore.Mvc.JsonResult in 36.3426ms.
2018-10-21 17:05:32,914 [14] INFO Microsoft.AspNetCore.Mvc.Formatters.Json.Internal.JsonResultExecutor - Executing JsonResult, writing value of type 'Erica.MQ.Models.SQL.EricaMQ_Message'.
2018-10-21 17:05:32,924 [14] INFO Microsoft.AspNetCore.Mvc.Internal.ControllerActionInvoker - Executed action Erica.MQ.Controllers.EricaMQController.Post (Erica.MQ) in 81.7945ms
2018-10-21 17:05:32,932 [14] INFO Microsoft.AspNetCore.Hosting.Internal.WebHost - Request finished in 356.5069ms 200 application/json; charset=utf-8
2018-10-21 17:05:33,046 [14] INFO Microsoft.AspNetCore.Hosting.Internal.WebHost - Request starting HTTP/1.1 PUT http://localhost/api/ericamq application/json; charset=utf-8 236
2018-10-21 17:05:33,060 [14] INFO Microsoft.AspNetCore.Authentication.JwtBearer.JwtBearerHandler - Successfully validated the token.
2018-10-21 17:05:33,082 [14] INFO Microsoft.AspNetCore.Mvc.Internal.ControllerActionInvoker - Route matched with {action = "Put", controller = "EricaMQ"}. Executing action Erica.MQ.Controllers.EricaMQController.Put (Erica.MQ)
2018-10-21 17:05:33,091 [14] INFO Microsoft.AspNetCore.Authorization.DefaultAuthorizationService - Authorization was successful.
2018-10-21 17:05:33,098 [14] INFO Microsoft.AspNetCore.Mvc.Internal.ControllerActionInvoker - Executing action method Erica.MQ.Controllers.EricaMQController.Put (Erica.MQ) with arguments (Erica.MQ.Models.SQL.EricaMQ_Message) - Validation state: Valid
2018-10-21 17:05:33,115 [14] INFO Microsoft.EntityFrameworkCore.Infrastructure - Entity Framework Core 2.2.0-preview2-35157 initialized 'EricaMQ_DBContext' using provider 'Microsoft.EntityFrameworkCore.SqlServer' with options: None
2018-10-21 17:05:33,234 [14] INFO Microsoft.EntityFrameworkCore.Database.Command - Executed DbCommand (10ms) [Parameters=[@__get_Item_0='?' (DbType = Int64)], CommandType='Text', CommandTimeout='30']
SELECT TOP(1) [e].[Id], [e].[AdapterAssemblyQualifiedName], [e].[Context], [e].[CreatedDateTime], [e].[Data], [e].[FileAttachmentGUID], [e].[ModifiedDateTime], [e].[Sender]
FROM [EricaMQ_Messages] AS [e]
WHERE [e].[Id] = @__get_Item_0
2018-10-21 17:05:33,415 [14] INFO Microsoft.EntityFrameworkCore.Database.Command - Executed DbCommand (121ms) [Parameters=[@p7='?' (DbType = Int64), @p0='?' (Size = 4000), @p1='?' (Size = 4000), @p2='?' (DbType = DateTime2), @p3='?' (Size = 4000), @p4='?' (Size = 4000), @p5='?' (DbType = DateTime2), @p6='?' (Size = 4000)], CommandType='Text', CommandTimeout='30']
SET NOCOUNT ON;
UPDATE [EricaMQ_Messages] SET [AdapterAssemblyQualifiedName] = @p0, [Context] = @p1, [CreatedDateTime] = @p2, [Data] = @p3, [FileAttachmentGUID] = @p4, [ModifiedDateTime] = @p5, [Sender] = @p6
WHERE [Id] = @p7;
SELECT @@ROWCOUNT;
2018-10-21 17:05:33,433 [14] INFO Erica.MQ, Version=1.0.0.0, Culture=neutral, PublicKeyToken=null - Executing a POST, results are Erica.MQ.Models.SQL.EricaMQ_Message
2018-10-21 17:05:33,451 [14] INFO Microsoft.AspNetCore.Mvc.Internal.ControllerActionInvoker - Executed action method Erica.MQ.Controllers.EricaMQController.Put (Erica.MQ), returned result Microsoft.AspNetCore.Mvc.JsonResult in 333.903ms.
2018-10-21 17:05:33,462 [14] INFO Microsoft.AspNetCore.Mvc.Formatters.Json.Internal.JsonResultExecutor - Executing JsonResult, writing value of type 'Erica.MQ.Models.SQL.EricaMQ_Message'.
2018-10-21 17:05:33,568 [14] INFO Microsoft.AspNetCore.Mvc.Internal.ControllerActionInvoker - Executed action Erica.MQ.Controllers.EricaMQController.Put (Erica.MQ) in 380.0334ms
2018-10-21 17:05:33,638 [14] INFO Microsoft.AspNetCore.Hosting.Internal.WebHost - Request finished in 552.6821ms 200 application/json; charset=utf-8
2018-10-21 17:05:33,735 [10] INFO Microsoft.AspNetCore.Hosting.Internal.WebHost - Request starting HTTP/1.1 POST http://localhost/api/ericamqhub/negotiate  0
2018-10-21 17:05:33,742 [10] INFO Microsoft.AspNetCore.Authentication.JwtBearer.JwtBearerHandler - Successfully validated the token.
2018-10-21 17:05:33,749 [10] INFO Microsoft.AspNetCore.Authorization.DefaultAuthorizationService - Authorization was successful.
2018-10-21 17:05:33,762 [10] INFO Microsoft.AspNetCore.Hosting.Internal.WebHost - Request finished in 18.8597ms 200 application/json
2018-10-21 17:05:33,770 [13] INFO Microsoft.AspNetCore.Hosting.Internal.WebHost - Request starting HTTP/1.1 GET http://localhost/api/ericamqhub?id=FAY_uCCe8SHKmdglvpU3Sw  
2018-10-21 17:05:33,783 [13] INFO Microsoft.AspNetCore.Authentication.JwtBearer.JwtBearerHandler - Successfully validated the token.
2018-10-21 17:05:33,792 [13] INFO Microsoft.AspNetCore.Authorization.DefaultAuthorizationService - Authorization was successful.
2018-10-21 17:05:33,817 [13] INFO Microsoft.AspNetCore.SignalR.HubConnectionContext - Completed connection handshake. Using HubProtocol 'json'.
2018-10-21 17:05:33,939 [10] INFO Microsoft.AspNetCore.Hosting.Internal.WebHost - Request starting HTTP/1.1 POST http://localhost/api/ericamqhub/negotiate  0
2018-10-21 17:05:33,945 [10] INFO Microsoft.AspNetCore.Authentication.JwtBearer.JwtBearerHandler - Successfully validated the token.
2018-10-21 17:05:33,953 [10] INFO Microsoft.AspNetCore.Authorization.DefaultAuthorizationService - Authorization was successful.
2018-10-21 17:05:33,961 [10] INFO Microsoft.AspNetCore.Hosting.Internal.WebHost - Request finished in 22.4769ms 200 application/json
2018-10-21 17:05:33,986 [13] INFO Microsoft.AspNetCore.Hosting.Internal.WebHost - Request starting HTTP/1.1 GET http://localhost/api/ericamqhub?id=45KLu_55Y3a8BTNd-KDMVw  
2018-10-21 17:05:33,997 [13] INFO Microsoft.AspNetCore.Authentication.JwtBearer.JwtBearerHandler - Successfully validated the token.
2018-10-21 17:05:34,008 [13] INFO Microsoft.AspNetCore.Authorization.DefaultAuthorizationService - Authorization was successful.
2018-10-21 17:05:34,024 [13] INFO Microsoft.AspNetCore.SignalR.HubConnectionContext - Completed connection handshake. Using HubProtocol 'json'.
2018-10-21 17:05:34,180 [15] INFO Microsoft.AspNetCore.Hosting.Internal.WebHost - Request starting HTTP/1.1 POST http://localhost/api/ericamq application/json; charset=utf-8 545
2018-10-21 17:05:34,193 [15] INFO Microsoft.AspNetCore.Authentication.JwtBearer.JwtBearerHandler - Successfully validated the token.
2018-10-21 17:05:34,205 [15] INFO Microsoft.AspNetCore.Mvc.Internal.ControllerActionInvoker - Route matched with {action = "Post", controller = "EricaMQ"}. Executing action Erica.MQ.Controllers.EricaMQController.Post (Erica.MQ)
2018-10-21 17:05:34,249 [15] INFO Microsoft.AspNetCore.Authorization.DefaultAuthorizationService - Authorization was successful.
2018-10-21 17:05:34,275 [15] INFO Microsoft.AspNetCore.Mvc.Internal.ControllerActionInvoker - Executing action method Erica.MQ.Controllers.EricaMQController.Post (Erica.MQ) with arguments (Erica.MQ.Models.SQL.EricaMQ_Message) - Validation state: Valid
2018-10-21 17:05:34,292 [15] INFO Microsoft.EntityFrameworkCore.Infrastructure - Entity Framework Core 2.2.0-preview2-35157 initialized 'EricaMQ_DBContext' using provider 'Microsoft.EntityFrameworkCore.SqlServer' with options: None
2018-10-21 17:05:34,322 [15] INFO Microsoft.EntityFrameworkCore.Database.Command - Executed DbCommand (12ms) [Parameters=[@p0='?' (Size = 4000), @p1='?' (Size = 4000), @p2='?' (DbType = DateTime2), @p3='?' (Size = 4000), @p4='?' (Size = 4000), @p5='?' (DbType = DateTime2), @p6='?' (Size = 4000)], CommandType='Text', CommandTimeout='30']
SET NOCOUNT ON;
INSERT INTO [EricaMQ_Messages] ([AdapterAssemblyQualifiedName], [Context], [CreatedDateTime], [Data], [FileAttachmentGUID], [ModifiedDateTime], [Sender])
VALUES (@p0, @p1, @p2, @p3, @p4, @p5, @p6);
SELECT [Id]
FROM [EricaMQ_Messages]
WHERE @@ROWCOUNT = 1 AND [Id] = scope_identity();
2018-10-21 17:05:34,367 [15] INFO Erica.MQ, Version=1.0.0.0, Culture=neutral, PublicKeyToken=null - Executing a POST, results are Erica.MQ.Models.SQL.EricaMQ_Message
2018-10-21 17:05:34,418 [15] INFO Microsoft.AspNetCore.Mvc.Internal.ControllerActionInvoker - Executed action method Erica.MQ.Controllers.EricaMQController.Post (Erica.MQ), returned result Microsoft.AspNetCore.Mvc.JsonResult in 91.5326ms.
2018-10-21 17:05:34,563 [15] INFO Microsoft.AspNetCore.Mvc.Formatters.Json.Internal.JsonResultExecutor - Executing JsonResult, writing value of type 'Erica.MQ.Models.SQL.EricaMQ_Message'.
2018-10-21 17:05:34,612 [15] INFO Microsoft.AspNetCore.Mvc.Internal.ControllerActionInvoker - Executed action Erica.MQ.Controllers.EricaMQController.Post (Erica.MQ) in 376.4411ms
2018-10-21 17:05:34,704 [15] INFO Microsoft.AspNetCore.Hosting.Internal.WebHost - Request finished in 445.2105ms 200 application/json; charset=utf-8
2018-10-21 17:05:34,860 [6] INFO Microsoft.AspNetCore.Hosting.Internal.WebHost - Request starting HTTP/1.1 POST http://localhost/api/ericamq application/json; charset=utf-8 228
2018-10-21 17:05:34,867 [6] INFO Microsoft.AspNetCore.Authentication.JwtBearer.JwtBearerHandler - Successfully validated the token.
2018-10-21 17:05:34,876 [6] INFO Microsoft.AspNetCore.Mvc.Internal.ControllerActionInvoker - Route matched with {action = "Post", controller = "EricaMQ"}. Executing action Erica.MQ.Controllers.EricaMQController.Post (Erica.MQ)
2018-10-21 17:05:34,882 [6] INFO Microsoft.AspNetCore.Authorization.DefaultAuthorizationService - Authorization was successful.
2018-10-21 17:05:34,890 [6] INFO Microsoft.AspNetCore.Mvc.Internal.ControllerActionInvoker - Executing action method Erica.MQ.Controllers.EricaMQController.Post (Erica.MQ) with arguments (Erica.MQ.Models.SQL.EricaMQ_Message) - Validation state: Valid
2018-10-21 17:05:34,899 [6] INFO Microsoft.EntityFrameworkCore.Infrastructure - Entity Framework Core 2.2.0-preview2-35157 initialized 'EricaMQ_DBContext' using provider 'Microsoft.EntityFrameworkCore.SqlServer' with options: None
2018-10-21 17:05:35,070 [6] INFO Microsoft.EntityFrameworkCore.Database.Command - Executed DbCommand (160ms) [Parameters=[@p0='?' (Size = 4000), @p1='?' (Size = 4000), @p2='?' (DbType = DateTime2), @p3='?' (Size = 4000), @p4='?' (Size = 4000), @p5='?' (DbType = DateTime2), @p6='?' (Size = 4000)], CommandType='Text', CommandTimeout='30']
SET NOCOUNT ON;
INSERT INTO [EricaMQ_Messages] ([AdapterAssemblyQualifiedName], [Context], [CreatedDateTime], [Data], [FileAttachmentGUID], [ModifiedDateTime], [Sender])
VALUES (@p0, @p1, @p2, @p3, @p4, @p5, @p6);
SELECT [Id]
FROM [EricaMQ_Messages]
WHERE @@ROWCOUNT = 1 AND [Id] = scope_identity();
2018-10-21 17:05:35,085 [6] INFO Erica.MQ, Version=1.0.0.0, Culture=neutral, PublicKeyToken=null - Executing a POST, results are Erica.MQ.Models.SQL.EricaMQ_Message
2018-10-21 17:05:35,090 [6] INFO Microsoft.AspNetCore.Mvc.Internal.ControllerActionInvoker - Executed action method Erica.MQ.Controllers.EricaMQController.Post (Erica.MQ), returned result Microsoft.AspNetCore.Mvc.JsonResult in 194.197ms.
2018-10-21 17:05:35,096 [6] INFO Microsoft.AspNetCore.Mvc.Formatters.Json.Internal.JsonResultExecutor - Executing JsonResult, writing value of type 'Erica.MQ.Models.SQL.EricaMQ_Message'.
2018-10-21 17:05:35,101 [6] INFO Microsoft.AspNetCore.Mvc.Internal.ControllerActionInvoker - Executed action Erica.MQ.Controllers.EricaMQController.Post (Erica.MQ) in 220.4061ms
2018-10-21 17:05:35,166 [6] INFO Microsoft.AspNetCore.Hosting.Internal.WebHost - Request finished in 252.1371ms 200 application/json; charset=utf-8
2018-10-21 17:05:35,584 [6] INFO Microsoft.AspNetCore.Hosting.Internal.WebHost - Request starting HTTP/1.1 POST http://localhost/api/ericamq application/json; charset=utf-8 545
2018-10-21 17:05:35,596 [6] INFO Microsoft.AspNetCore.Authentication.JwtBearer.JwtBearerHandler - Successfully validated the token.
2018-10-21 17:05:35,603 [6] INFO Microsoft.AspNetCore.Mvc.Internal.ControllerActionInvoker - Route matched with {action = "Post", controller = "EricaMQ"}. Executing action Erica.MQ.Controllers.EricaMQController.Post (Erica.MQ)
2018-10-21 17:05:35,616 [6] INFO Microsoft.AspNetCore.Authorization.DefaultAuthorizationService - Authorization was successful.
2018-10-21 17:05:35,630 [6] INFO Microsoft.AspNetCore.Mvc.Internal.ControllerActionInvoker - Executing action method Erica.MQ.Controllers.EricaMQController.Post (Erica.MQ) with arguments (Erica.MQ.Models.SQL.EricaMQ_Message) - Validation state: Valid
2018-10-21 17:05:35,635 [6] INFO Microsoft.EntityFrameworkCore.Infrastructure - Entity Framework Core 2.2.0-preview2-35157 initialized 'EricaMQ_DBContext' using provider 'Microsoft.EntityFrameworkCore.SqlServer' with options: None
2018-10-21 17:05:35,665 [6] INFO Microsoft.EntityFrameworkCore.Database.Command - Executed DbCommand (16ms) [Parameters=[@p0='?' (Size = 4000), @p1='?' (Size = 4000), @p2='?' (DbType = DateTime2), @p3='?' (Size = 4000), @p4='?' (Size = 4000), @p5='?' (DbType = DateTime2), @p6='?' (Size = 4000)], CommandType='Text', CommandTimeout='30']
SET NOCOUNT ON;
INSERT INTO [EricaMQ_Messages] ([AdapterAssemblyQualifiedName], [Context], [CreatedDateTime], [Data], [FileAttachmentGUID], [ModifiedDateTime], [Sender])
VALUES (@p0, @p1, @p2, @p3, @p4, @p5, @p6);
SELECT [Id]
FROM [EricaMQ_Messages]
WHERE @@ROWCOUNT = 1 AND [Id] = scope_identity();
2018-10-21 17:05:35,681 [6] INFO Erica.MQ, Version=1.0.0.0, Culture=neutral, PublicKeyToken=null - Executing a POST, results are Erica.MQ.Models.SQL.EricaMQ_Message
2018-10-21 17:05:35,691 [6] INFO Microsoft.AspNetCore.Mvc.Internal.ControllerActionInvoker - Executed action method Erica.MQ.Controllers.EricaMQController.Post (Erica.MQ), returned result Microsoft.AspNetCore.Mvc.JsonResult in 51.1104ms.
2018-10-21 17:05:35,697 [6] INFO Microsoft.AspNetCore.Mvc.Formatters.Json.Internal.JsonResultExecutor - Executing JsonResult, writing value of type 'Erica.MQ.Models.SQL.EricaMQ_Message'.
2018-10-21 17:05:35,702 [6] INFO Microsoft.AspNetCore.Mvc.Internal.ControllerActionInvoker - Executed action Erica.MQ.Controllers.EricaMQController.Post (Erica.MQ) in 95.2983ms
2018-10-21 17:05:35,716 [6] INFO Microsoft.AspNetCore.Hosting.Internal.WebHost - Request finished in 123.2495ms 200 application/json; charset=utf-8
2018-10-21 17:05:35,816 [6] INFO Microsoft.AspNetCore.Hosting.Internal.WebHost - Request starting HTTP/1.1 POST http://localhost/api/ericamq application/json; charset=utf-8 228
2018-10-21 17:05:35,827 [6] INFO Microsoft.AspNetCore.Authentication.JwtBearer.JwtBearerHandler - Successfully validated the token.
2018-10-21 17:05:35,832 [6] INFO Microsoft.AspNetCore.Mvc.Internal.ControllerActionInvoker - Route matched with {action = "Post", controller = "EricaMQ"}. Executing action Erica.MQ.Controllers.EricaMQController.Post (Erica.MQ)
2018-10-21 17:05:35,835 [6] INFO Microsoft.AspNetCore.Authorization.DefaultAuthorizationService - Authorization was successful.
2018-10-21 17:05:35,849 [6] INFO Microsoft.AspNetCore.Mvc.Internal.ControllerActionInvoker - Executing action method Erica.MQ.Controllers.EricaMQController.Post (Erica.MQ) with arguments (Erica.MQ.Models.SQL.EricaMQ_Message) - Validation state: Valid
2018-10-21 17:05:35,857 [6] INFO Microsoft.EntityFrameworkCore.Infrastructure - Entity Framework Core 2.2.0-preview2-35157 initialized 'EricaMQ_DBContext' using provider 'Microsoft.EntityFrameworkCore.SqlServer' with options: None
2018-10-21 17:05:35,867 [6] INFO Microsoft.EntityFrameworkCore.Database.Command - Executed DbCommand (6ms) [Parameters=[@p0='?' (Size = 4000), @p1='?' (Size = 4000), @p2='?' (DbType = DateTime2), @p3='?' (Size = 4000), @p4='?' (Size = 4000), @p5='?' (DbType = DateTime2), @p6='?' (Size = 4000)], CommandType='Text', CommandTimeout='30']
SET NOCOUNT ON;
INSERT INTO [EricaMQ_Messages] ([AdapterAssemblyQualifiedName], [Context], [CreatedDateTime], [Data], [FileAttachmentGUID], [ModifiedDateTime], [Sender])
VALUES (@p0, @p1, @p2, @p3, @p4, @p5, @p6);
SELECT [Id]
FROM [EricaMQ_Messages]
WHERE @@ROWCOUNT = 1 AND [Id] = scope_identity();
2018-10-21 17:05:35,880 [6] INFO Erica.MQ, Version=1.0.0.0, Culture=neutral, PublicKeyToken=null - Executing a POST, results are Erica.MQ.Models.SQL.EricaMQ_Message
2018-10-21 17:05:35,884 [6] INFO Microsoft.AspNetCore.Mvc.Internal.ControllerActionInvoker - Executed action method Erica.MQ.Controllers.EricaMQController.Post (Erica.MQ), returned result Microsoft.AspNetCore.Mvc.JsonResult in 29.629ms.
2018-10-21 17:05:35,891 [6] INFO Microsoft.AspNetCore.Mvc.Formatters.Json.Internal.JsonResultExecutor - Executing JsonResult, writing value of type 'Erica.MQ.Models.SQL.EricaMQ_Message'.
2018-10-21 17:05:35,896 [6] INFO Microsoft.AspNetCore.Mvc.Internal.ControllerActionInvoker - Executed action Erica.MQ.Controllers.EricaMQController.Post (Erica.MQ) in 59.7184ms
2018-10-21 17:05:35,903 [6] INFO Microsoft.AspNetCore.Hosting.Internal.WebHost - Request finished in 83.4ms 200 application/json; charset=utf-8
2018-10-21 17:05:36,006 [6] INFO Microsoft.AspNetCore.Hosting.Internal.WebHost - Request starting HTTP/1.1 POST http://localhost/api/ericamq application/json; charset=utf-8 545
2018-10-21 17:05:36,013 [6] INFO Microsoft.AspNetCore.Authentication.JwtBearer.JwtBearerHandler - Successfully validated the token.
2018-10-21 17:05:36,025 [6] INFO Microsoft.AspNetCore.Mvc.Internal.ControllerActionInvoker - Route matched with {action = "Post", controller = "EricaMQ"}. Executing action Erica.MQ.Controllers.EricaMQController.Post (Erica.MQ)
2018-10-21 17:05:36,033 [6] INFO Microsoft.AspNetCore.Authorization.DefaultAuthorizationService - Authorization was successful.
2018-10-21 17:05:36,045 [6] INFO Microsoft.AspNetCore.Mvc.Internal.ControllerActionInvoker - Executing action method Erica.MQ.Controllers.EricaMQController.Post (Erica.MQ) with arguments (Erica.MQ.Models.SQL.EricaMQ_Message) - Validation state: Valid
2018-10-21 17:05:36,051 [6] INFO Microsoft.EntityFrameworkCore.Infrastructure - Entity Framework Core 2.2.0-preview2-35157 initialized 'EricaMQ_DBContext' using provider 'Microsoft.EntityFrameworkCore.SqlServer' with options: None
2018-10-21 17:05:36,067 [6] INFO Microsoft.EntityFrameworkCore.Database.Command - Executed DbCommand (10ms) [Parameters=[@p0='?' (Size = 4000), @p1='?' (Size = 4000), @p2='?' (DbType = DateTime2), @p3='?' (Size = 4000), @p4='?' (Size = 4000), @p5='?' (DbType = DateTime2), @p6='?' (Size = 4000)], CommandType='Text', CommandTimeout='30']
SET NOCOUNT ON;
INSERT INTO [EricaMQ_Messages] ([AdapterAssemblyQualifiedName], [Context], [CreatedDateTime], [Data], [FileAttachmentGUID], [ModifiedDateTime], [Sender])
VALUES (@p0, @p1, @p2, @p3, @p4, @p5, @p6);
SELECT [Id]
FROM [EricaMQ_Messages]
WHERE @@ROWCOUNT = 1 AND [Id] = scope_identity();
2018-10-21 17:05:36,078 [6] INFO Erica.MQ, Version=1.0.0.0, Culture=neutral, PublicKeyToken=null - Executing a POST, results are Erica.MQ.Models.SQL.EricaMQ_Message
2018-10-21 17:05:36,083 [6] INFO Microsoft.AspNetCore.Mvc.Internal.ControllerActionInvoker - Executed action method Erica.MQ.Controllers.EricaMQController.Post (Erica.MQ), returned result Microsoft.AspNetCore.Mvc.JsonResult in 31.3739ms.
2018-10-21 17:05:36,089 [6] INFO Microsoft.AspNetCore.Mvc.Formatters.Json.Internal.JsonResultExecutor - Executing JsonResult, writing value of type 'Erica.MQ.Models.SQL.EricaMQ_Message'.
2018-10-21 17:05:36,095 [6] INFO Microsoft.AspNetCore.Mvc.Internal.ControllerActionInvoker - Executed action Erica.MQ.Controllers.EricaMQController.Post (Erica.MQ) in 64.4111ms
2018-10-21 17:05:36,099 [6] INFO Microsoft.AspNetCore.Hosting.Internal.WebHost - Request finished in 93.8133ms 200 application/json; charset=utf-8
2018-10-21 17:05:36,560 [13] INFO Microsoft.AspNetCore.Hosting.Internal.WebHost - Request starting HTTP/1.1 POST http://localhost/api/ericamq application/json; charset=utf-8 228
2018-10-21 17:05:36,569 [13] INFO Microsoft.AspNetCore.Authentication.JwtBearer.JwtBearerHandler - Successfully validated the token.
2018-10-21 17:05:36,582 [13] INFO Microsoft.AspNetCore.Mvc.Internal.ControllerActionInvoker - Route matched with {action = "Post", controller = "EricaMQ"}. Executing action Erica.MQ.Controllers.EricaMQController.Post (Erica.MQ)
2018-10-21 17:05:36,593 [13] INFO Microsoft.AspNetCore.Authorization.DefaultAuthorizationService - Authorization was successful.
2018-10-21 17:05:36,600 [13] INFO Microsoft.AspNetCore.Mvc.Internal.ControllerActionInvoker - Executing action method Erica.MQ.Controllers.EricaMQController.Post (Erica.MQ) with arguments (Erica.MQ.Models.SQL.EricaMQ_Message) - Validation state: Valid
2018-10-21 17:05:36,612 [13] INFO Microsoft.EntityFrameworkCore.Infrastructure - Entity Framework Core 2.2.0-preview2-35157 initialized 'EricaMQ_DBContext' using provider 'Microsoft.EntityFrameworkCore.SqlServer' with options: None
2018-10-21 17:05:36,626 [13] INFO Microsoft.EntityFrameworkCore.Database.Command - Executed DbCommand (4ms) [Parameters=[@p0='?' (Size = 4000), @p1='?' (Size = 4000), @p2='?' (DbType = DateTime2), @p3='?' (Size = 4000), @p4='?' (Size = 4000), @p5='?' (DbType = DateTime2), @p6='?' (Size = 4000)], CommandType='Text', CommandTimeout='30']
SET NOCOUNT ON;
INSERT INTO [EricaMQ_Messages] ([AdapterAssemblyQualifiedName], [Context], [CreatedDateTime], [Data], [FileAttachmentGUID], [ModifiedDateTime], [Sender])
VALUES (@p0, @p1, @p2, @p3, @p4, @p5, @p6);
SELECT [Id]
FROM [EricaMQ_Messages]
WHERE @@ROWCOUNT = 1 AND [Id] = scope_identity();
2018-10-21 17:05:36,637 [13] INFO Erica.MQ, Version=1.0.0.0, Culture=neutral, PublicKeyToken=null - Executing a POST, results are Erica.MQ.Models.SQL.EricaMQ_Message
2018-10-21 17:05:36,645 [13] INFO Microsoft.AspNetCore.Mvc.Internal.ControllerActionInvoker - Executed action method Erica.MQ.Controllers.EricaMQController.Post (Erica.MQ), returned result Microsoft.AspNetCore.Mvc.JsonResult in 37.3165ms.
2018-10-21 17:05:36,649 [13] INFO Microsoft.AspNetCore.Mvc.Formatters.Json.Internal.JsonResultExecutor - Executing JsonResult, writing value of type 'Erica.MQ.Models.SQL.EricaMQ_Message'.
2018-10-21 17:05:36,659 [13] INFO Microsoft.AspNetCore.Mvc.Internal.ControllerActionInvoker - Executed action Erica.MQ.Controllers.EricaMQController.Post (Erica.MQ) in 69.2188ms
2018-10-21 17:05:36,678 [13] INFO Microsoft.AspNetCore.Hosting.Internal.WebHost - Request finished in 128.2787ms 200 application/json; charset=utf-8
2018-10-21 17:05:36,715 [13] INFO Microsoft.AspNetCore.Hosting.Internal.WebHost - Request finished in 2735.2125ms 101 
2018-10-21 17:05:36,729 [6] INFO Microsoft.AspNetCore.Hosting.Internal.WebHost - Request finished in 2937.4844ms 101 
2018-10-21 17:32:19,118 [10] INFO Microsoft.AspNetCore.Hosting.Internal.WebHost - Request starting HTTP/1.1 POST http://localhost/api/ericamqhub/negotiate  0
2018-10-21 17:32:20,336 [4] INFO Microsoft.AspNetCore.Authentication.JwtBearer.JwtBearerHandler - Successfully validated the token.
2018-10-21 17:32:20,835 [4] INFO Microsoft.AspNetCore.Authorization.DefaultAuthorizationService - Authorization was successful.
2018-10-21 17:32:20,960 [4] INFO Microsoft.AspNetCore.Hosting.Internal.WebHost - Request finished in 1826.7392ms 200 application/json
2018-10-21 17:32:21,110 [10] INFO Microsoft.AspNetCore.Hosting.Internal.WebHost - Request starting HTTP/1.1 GET http://localhost/api/ericamqhub?id=5o2GzLDpsWhoy_kMlJIZTg  
2018-10-21 17:32:21,121 [10] INFO Microsoft.AspNetCore.Authentication.JwtBearer.JwtBearerHandler - Successfully validated the token.
2018-10-21 17:32:21,160 [10] INFO Microsoft.AspNetCore.Authorization.DefaultAuthorizationService - Authorization was successful.
2018-10-21 17:32:21,677 [10] INFO Microsoft.AspNetCore.SignalR.HubConnectionContext - Completed connection handshake. Using HubProtocol 'json'.
2018-10-21 17:32:22,127 [6] INFO Microsoft.AspNetCore.Hosting.Internal.WebHost - Request starting HTTP/1.1 POST http://localhost/api/ericamq application/json; charset=utf-8 551
2018-10-21 17:32:22,139 [6] INFO Microsoft.AspNetCore.Authentication.JwtBearer.JwtBearerHandler - Successfully validated the token.
2018-10-21 17:32:22,711 [6] INFO Microsoft.AspNetCore.Mvc.Internal.ControllerActionInvoker - Route matched with {action = "Post", controller = "EricaMQ"}. Executing action Erica.MQ.Controllers.EricaMQController.Post (Erica.MQ)
2018-10-21 17:32:22,791 [6] INFO Microsoft.AspNetCore.Authorization.DefaultAuthorizationService - Authorization was successful.
2018-10-21 17:32:23,024 [6] INFO Microsoft.AspNetCore.Mvc.Internal.ControllerActionInvoker - Executing action method Erica.MQ.Controllers.EricaMQController.Post (Erica.MQ) with arguments (Erica.MQ.Models.SQL.EricaMQ_Message) - Validation state: Valid
2018-10-21 17:32:24,467 [6] INFO Microsoft.EntityFrameworkCore.Infrastructure - Entity Framework Core 2.2.0-preview2-35157 initialized 'EricaMQ_DBContext' using provider 'Microsoft.EntityFrameworkCore.SqlServer' with options: None
2018-10-21 17:32:26,497 [6] INFO Microsoft.EntityFrameworkCore.Database.Command - Executed DbCommand (234ms) [Parameters=[@p0='?' (Size = 4000), @p1='?' (Size = 4000), @p2='?' (DbType = DateTime2), @p3='?' (Size = 4000), @p4='?' (Size = 4000), @p5='?' (DbType = DateTime2), @p6='?' (Size = 4000)], CommandType='Text', CommandTimeout='30']
SET NOCOUNT ON;
INSERT INTO [EricaMQ_Messages] ([AdapterAssemblyQualifiedName], [Context], [CreatedDateTime], [Data], [FileAttachmentGUID], [ModifiedDateTime], [Sender])
VALUES (@p0, @p1, @p2, @p3, @p4, @p5, @p6);
SELECT [Id]
FROM [EricaMQ_Messages]
WHERE @@ROWCOUNT = 1 AND [Id] = scope_identity();
2018-10-21 17:32:26,781 [6] INFO Microsoft.AspNetCore.Mvc.Internal.ControllerActionInvoker - Executed action method Erica.MQ.Controllers.EricaMQController.Post (Erica.MQ), returned result Microsoft.AspNetCore.Mvc.JsonResult in 3748.8287ms.
2018-10-21 17:32:26,803 [6] INFO Microsoft.AspNetCore.Mvc.Formatters.Json.Internal.JsonResultExecutor - Executing JsonResult, writing value of type 'Erica.MQ.Models.SQL.EricaMQ_Message'.
2018-10-21 17:32:26,832 [6] INFO Microsoft.AspNetCore.Mvc.Internal.ControllerActionInvoker - Executed action Erica.MQ.Controllers.EricaMQController.Post (Erica.MQ) in 4106.6688ms
2018-10-21 17:32:26,894 [6] INFO Microsoft.AspNetCore.Hosting.Internal.WebHost - Request finished in 4728.0669ms 200 application/json; charset=utf-8
2018-10-21 17:32:27,027 [7] INFO Microsoft.EntityFrameworkCore.Infrastructure - Entity Framework Core 2.2.0-preview2-35157 initialized 'EricaMQ_DBContext' using provider 'Microsoft.EntityFrameworkCore.SqlServer' with options: None
2018-10-21 17:32:27,426 [7] WARN Microsoft.EntityFrameworkCore.Query - Query: '(from EricaMQ_Message msg in DbSet<EricaMQ_Message> where int Compare( 
    t1: [msg].CreatedDateTi...' uses a row limiting operation (Skip/Take) without OrderBy which may lead to unpredictable results.
2018-10-21 17:32:28,057 [7] WARN Microsoft.EntityFrameworkCore.Query - The LINQ expression 'where ((Compare([msg].CreatedDateTime, __afterThisTimeStamp_0) > 0) AndAlso (Compare([msg].CreatedDateTime, __beforeThisTimeStamp_1) < 0))' could not be translated and will be evaluated locally.
2018-10-21 17:32:28,124 [7] WARN Microsoft.EntityFrameworkCore.Query - The LINQ expression 'Take(__p_2)' could not be translated and will be evaluated locally.
2018-10-21 17:32:28,407 [7] INFO Microsoft.EntityFrameworkCore.Database.Command - Executed DbCommand (7ms) [Parameters=[], CommandType='Text', CommandTimeout='30']
SELECT [msg].[Id], [msg].[AdapterAssemblyQualifiedName], [msg].[Context], [msg].[CreatedDateTime], [msg].[Data], [msg].[FileAttachmentGUID], [msg].[ModifiedDateTime], [msg].[Sender]
FROM [EricaMQ_Messages] AS [msg]
2018-10-21 17:32:28,623 [9] INFO Microsoft.EntityFrameworkCore.Infrastructure - Entity Framework Core 2.2.0-preview2-35157 initialized 'EricaMQ_DBContext' using provider 'Microsoft.EntityFrameworkCore.SqlServer' with options: None
2018-10-21 17:32:28,644 [9] INFO Microsoft.EntityFrameworkCore.Database.Command - Executed DbCommand (2ms) [Parameters=[], CommandType='Text', CommandTimeout='30']
SELECT [msg].[Id], [msg].[AdapterAssemblyQualifiedName], [msg].[Context], [msg].[CreatedDateTime], [msg].[Data], [msg].[FileAttachmentGUID], [msg].[ModifiedDateTime], [msg].[Sender]
FROM [EricaMQ_Messages] AS [msg]
2018-10-21 17:32:28,824 [10] INFO Microsoft.AspNetCore.Hosting.Internal.WebHost - Request finished in 7715.4857ms 101 
2018-10-21 17:32:29,274 [14] INFO Microsoft.AspNetCore.Hosting.Internal.WebHost - Request starting HTTP/1.1 POST http://localhost/api/ericamq application/json; charset=utf-8 210
2018-10-21 17:32:29,286 [14] INFO Microsoft.AspNetCore.Authentication.JwtBearer.JwtBearerHandler - Successfully validated the token.
2018-10-21 17:32:29,297 [14] INFO Microsoft.AspNetCore.Mvc.Internal.ControllerActionInvoker - Route matched with {action = "Post", controller = "EricaMQ"}. Executing action Erica.MQ.Controllers.EricaMQController.Post (Erica.MQ)
2018-10-21 17:32:29,309 [14] INFO Microsoft.AspNetCore.Authorization.DefaultAuthorizationService - Authorization was successful.
2018-10-21 17:32:29,333 [14] INFO Microsoft.AspNetCore.Mvc.Internal.ControllerActionInvoker - Executing action method Erica.MQ.Controllers.EricaMQController.Post (Erica.MQ) with arguments (Erica.MQ.Models.SQL.EricaMQ_Message) - Validation state: Valid
2018-10-21 17:32:29,341 [14] INFO Microsoft.EntityFrameworkCore.Infrastructure - Entity Framework Core 2.2.0-preview2-35157 initialized 'EricaMQ_DBContext' using provider 'Microsoft.EntityFrameworkCore.SqlServer' with options: None
2018-10-21 17:32:29,360 [14] INFO Microsoft.EntityFrameworkCore.Database.Command - Executed DbCommand (11ms) [Parameters=[@p0='?' (Size = 4000), @p1='?' (Size = 4000), @p2='?' (DbType = DateTime2), @p3='?' (Size = 4000), @p4='?' (Size = 4000), @p5='?' (DbType = DateTime2), @p6='?' (Size = 4000)], CommandType='Text', CommandTimeout='30']
SET NOCOUNT ON;
INSERT INTO [EricaMQ_Messages] ([AdapterAssemblyQualifiedName], [Context], [CreatedDateTime], [Data], [FileAttachmentGUID], [ModifiedDateTime], [Sender])
VALUES (@p0, @p1, @p2, @p3, @p4, @p5, @p6);
SELECT [Id]
FROM [EricaMQ_Messages]
WHERE @@ROWCOUNT = 1 AND [Id] = scope_identity();
2018-10-21 17:32:29,378 [14] INFO Microsoft.AspNetCore.Mvc.Internal.ControllerActionInvoker - Executed action method Erica.MQ.Controllers.EricaMQController.Post (Erica.MQ), returned result Microsoft.AspNetCore.Mvc.JsonResult in 38.2867ms.
2018-10-21 17:32:29,389 [14] INFO Microsoft.AspNetCore.Mvc.Formatters.Json.Internal.JsonResultExecutor - Executing JsonResult, writing value of type 'Erica.MQ.Models.SQL.EricaMQ_Message'.
2018-10-21 17:32:29,400 [14] INFO Microsoft.AspNetCore.Mvc.Internal.ControllerActionInvoker - Executed action Erica.MQ.Controllers.EricaMQController.Post (Erica.MQ) in 90.3231ms
2018-10-21 17:32:29,422 [14] INFO Microsoft.AspNetCore.Hosting.Internal.WebHost - Request finished in 135.836ms 200 application/json; charset=utf-8
2018-10-21 17:32:29,609 [14] INFO Microsoft.AspNetCore.Hosting.Internal.WebHost - Request starting HTTP/1.1 POST http://localhost/api/ericamq application/json; charset=utf-8 210
2018-10-21 17:32:29,617 [14] INFO Microsoft.AspNetCore.Authentication.JwtBearer.JwtBearerHandler - Successfully validated the token.
2018-10-21 17:32:29,626 [14] INFO Microsoft.AspNetCore.Mvc.Internal.ControllerActionInvoker - Route matched with {action = "Post", controller = "EricaMQ"}. Executing action Erica.MQ.Controllers.EricaMQController.Post (Erica.MQ)
2018-10-21 17:32:29,640 [14] INFO Microsoft.AspNetCore.Authorization.DefaultAuthorizationService - Authorization was successful.
2018-10-21 17:32:29,650 [14] INFO Microsoft.AspNetCore.Mvc.Internal.ControllerActionInvoker - Executing action method Erica.MQ.Controllers.EricaMQController.Post (Erica.MQ) with arguments (Erica.MQ.Models.SQL.EricaMQ_Message) - Validation state: Valid
2018-10-21 17:32:29,656 [14] INFO Microsoft.EntityFrameworkCore.Infrastructure - Entity Framework Core 2.2.0-preview2-35157 initialized 'EricaMQ_DBContext' using provider 'Microsoft.EntityFrameworkCore.SqlServer' with options: None
2018-10-21 17:32:29,678 [14] INFO Microsoft.EntityFrameworkCore.Database.Command - Executed DbCommand (5ms) [Parameters=[@p0='?' (Size = 4000), @p1='?' (Size = 4000), @p2='?' (DbType = DateTime2), @p3='?' (Size = 4000), @p4='?' (Size = 4000), @p5='?' (DbType = DateTime2), @p6='?' (Size = 4000)], CommandType='Text', CommandTimeout='30']
SET NOCOUNT ON;
INSERT INTO [EricaMQ_Messages] ([AdapterAssemblyQualifiedName], [Context], [CreatedDateTime], [Data], [FileAttachmentGUID], [ModifiedDateTime], [Sender])
VALUES (@p0, @p1, @p2, @p3, @p4, @p5, @p6);
SELECT [Id]
FROM [EricaMQ_Messages]
WHERE @@ROWCOUNT = 1 AND [Id] = scope_identity();
2018-10-21 17:32:29,689 [14] INFO Microsoft.AspNetCore.Mvc.Internal.ControllerActionInvoker - Executed action method Erica.MQ.Controllers.EricaMQController.Post (Erica.MQ), returned result Microsoft.AspNetCore.Mvc.JsonResult in 33.7329ms.
2018-10-21 17:32:29,695 [14] INFO Microsoft.AspNetCore.Mvc.Formatters.Json.Internal.JsonResultExecutor - Executing JsonResult, writing value of type 'Erica.MQ.Models.SQL.EricaMQ_Message'.
2018-10-21 17:32:29,702 [14] INFO Microsoft.AspNetCore.Mvc.Internal.ControllerActionInvoker - Executed action Erica.MQ.Controllers.EricaMQController.Post (Erica.MQ) in 68.5317ms
2018-10-21 17:32:29,737 [14] INFO Microsoft.AspNetCore.Hosting.Internal.WebHost - Request finished in 102.4963ms 200 application/json; charset=utf-8
2018-10-21 17:32:29,908 [14] INFO Microsoft.AspNetCore.Hosting.Internal.WebHost - Request starting HTTP/1.1 PUT http://localhost/api/ericamq application/json; charset=utf-8 236
2018-10-21 17:32:29,925 [14] INFO Microsoft.AspNetCore.Authentication.JwtBearer.JwtBearerHandler - Successfully validated the token.
2018-10-21 17:32:29,971 [14] INFO Microsoft.AspNetCore.Mvc.Internal.ControllerActionInvoker - Route matched with {action = "Put", controller = "EricaMQ"}. Executing action Erica.MQ.Controllers.EricaMQController.Put (Erica.MQ)
2018-10-21 17:32:30,118 [14] INFO Microsoft.AspNetCore.Authorization.DefaultAuthorizationService - Authorization was successful.
2018-10-21 17:32:30,197 [14] INFO Microsoft.AspNetCore.Mvc.Internal.ControllerActionInvoker - Executing action method Erica.MQ.Controllers.EricaMQController.Put (Erica.MQ) with arguments (Erica.MQ.Models.SQL.EricaMQ_Message) - Validation state: Valid
2018-10-21 17:32:30,225 [14] INFO Microsoft.EntityFrameworkCore.Infrastructure - Entity Framework Core 2.2.0-preview2-35157 initialized 'EricaMQ_DBContext' using provider 'Microsoft.EntityFrameworkCore.SqlServer' with options: None
2018-10-21 17:32:30,342 [14] INFO Microsoft.EntityFrameworkCore.Database.Command - Executed DbCommand (2ms) [Parameters=[@__get_Item_0='?' (DbType = Int64)], CommandType='Text', CommandTimeout='30']
SELECT TOP(1) [e].[Id], [e].[AdapterAssemblyQualifiedName], [e].[Context], [e].[CreatedDateTime], [e].[Data], [e].[FileAttachmentGUID], [e].[ModifiedDateTime], [e].[Sender]
FROM [EricaMQ_Messages] AS [e]
WHERE [e].[Id] = @__get_Item_0
2018-10-21 17:32:30,494 [14] INFO Microsoft.EntityFrameworkCore.Database.Command - Executed DbCommand (96ms) [Parameters=[@p7='?' (DbType = Int64), @p0='?' (Size = 4000), @p1='?' (Size = 4000), @p2='?' (DbType = DateTime2), @p3='?' (Size = 4000), @p4='?' (Size = 4000), @p5='?' (DbType = DateTime2), @p6='?' (Size = 4000)], CommandType='Text', CommandTimeout='30']
SET NOCOUNT ON;
UPDATE [EricaMQ_Messages] SET [AdapterAssemblyQualifiedName] = @p0, [Context] = @p1, [CreatedDateTime] = @p2, [Data] = @p3, [FileAttachmentGUID] = @p4, [ModifiedDateTime] = @p5, [Sender] = @p6
WHERE [Id] = @p7;
SELECT @@ROWCOUNT;
2018-10-21 17:32:30,508 [14] INFO Microsoft.AspNetCore.Mvc.Internal.ControllerActionInvoker - Executed action method Erica.MQ.Controllers.EricaMQController.Put (Erica.MQ), returned result Microsoft.AspNetCore.Mvc.JsonResult in 298.0098ms.
2018-10-21 17:32:30,514 [14] INFO Microsoft.AspNetCore.Mvc.Formatters.Json.Internal.JsonResultExecutor - Executing JsonResult, writing value of type 'Erica.MQ.Models.SQL.EricaMQ_Message'.
2018-10-21 17:32:30,524 [14] INFO Microsoft.AspNetCore.Mvc.Internal.ControllerActionInvoker - Executed action Erica.MQ.Controllers.EricaMQController.Put (Erica.MQ) in 541.5276ms
2018-10-21 17:32:30,536 [14] INFO Microsoft.AspNetCore.Hosting.Internal.WebHost - Request finished in 653.626ms 200 application/json; charset=utf-8
2018-10-21 17:32:30,708 [14] INFO Microsoft.AspNetCore.Hosting.Internal.WebHost - Request starting HTTP/1.1 POST http://localhost/api/ericamqhub/negotiate  0
2018-10-21 17:32:30,717 [14] INFO Microsoft.AspNetCore.Authentication.JwtBearer.JwtBearerHandler - Successfully validated the token.
2018-10-21 17:32:30,726 [14] INFO Microsoft.AspNetCore.Authorization.DefaultAuthorizationService - Authorization was successful.
2018-10-21 17:32:30,738 [14] INFO Microsoft.AspNetCore.Hosting.Internal.WebHost - Request finished in 22.458ms 200 application/json
2018-10-21 17:32:30,750 [6] INFO Microsoft.AspNetCore.Hosting.Internal.WebHost - Request starting HTTP/1.1 GET http://localhost/api/ericamqhub?id=_BVyBENfw6xtknMqmcU2Kw  
2018-10-21 17:32:30,761 [6] INFO Microsoft.AspNetCore.Authentication.JwtBearer.JwtBearerHandler - Successfully validated the token.
2018-10-21 17:32:30,773 [6] INFO Microsoft.AspNetCore.Authorization.DefaultAuthorizationService - Authorization was successful.
2018-10-21 17:32:30,792 [6] INFO Microsoft.AspNetCore.SignalR.HubConnectionContext - Completed connection handshake. Using HubProtocol 'json'.
2018-10-21 17:32:31,124 [10] INFO Microsoft.AspNetCore.Hosting.Internal.WebHost - Request starting HTTP/1.1 POST http://localhost/api/ericamqhub/negotiate  0
2018-10-21 17:32:31,134 [10] INFO Microsoft.AspNetCore.Authentication.JwtBearer.JwtBearerHandler - Successfully validated the token.
2018-10-21 17:32:31,143 [10] INFO Microsoft.AspNetCore.Authorization.DefaultAuthorizationService - Authorization was successful.
2018-10-21 17:32:31,157 [10] INFO Microsoft.AspNetCore.Hosting.Internal.WebHost - Request finished in 25.8191ms 200 application/json
2018-10-21 17:32:31,176 [6] INFO Microsoft.AspNetCore.Hosting.Internal.WebHost - Request starting HTTP/1.1 GET http://localhost/api/ericamqhub?id=6snUGM1bT1dHgRvcTlzIfw  
2018-10-21 17:32:31,189 [6] INFO Microsoft.AspNetCore.Authentication.JwtBearer.JwtBearerHandler - Successfully validated the token.
2018-10-21 17:32:31,195 [6] INFO Microsoft.AspNetCore.Authorization.DefaultAuthorizationService - Authorization was successful.
2018-10-21 17:32:31,205 [6] INFO Microsoft.AspNetCore.SignalR.HubConnectionContext - Completed connection handshake. Using HubProtocol 'json'.
2018-10-21 17:32:31,371 [10] INFO Microsoft.AspNetCore.Hosting.Internal.WebHost - Request starting HTTP/1.1 POST http://localhost/api/ericamq application/json; charset=utf-8 545
2018-10-21 17:32:31,378 [10] INFO Microsoft.AspNetCore.Authentication.JwtBearer.JwtBearerHandler - Successfully validated the token.
2018-10-21 17:32:31,388 [10] INFO Microsoft.AspNetCore.Mvc.Internal.ControllerActionInvoker - Route matched with {action = "Post", controller = "EricaMQ"}. Executing action Erica.MQ.Controllers.EricaMQController.Post (Erica.MQ)
2018-10-21 17:32:31,401 [10] INFO Microsoft.AspNetCore.Authorization.DefaultAuthorizationService - Authorization was successful.
2018-10-21 17:32:31,412 [10] INFO Microsoft.AspNetCore.Mvc.Internal.ControllerActionInvoker - Executing action method Erica.MQ.Controllers.EricaMQController.Post (Erica.MQ) with arguments (Erica.MQ.Models.SQL.EricaMQ_Message) - Validation state: Valid
2018-10-21 17:32:31,421 [10] INFO Microsoft.EntityFrameworkCore.Infrastructure - Entity Framework Core 2.2.0-preview2-35157 initialized 'EricaMQ_DBContext' using provider 'Microsoft.EntityFrameworkCore.SqlServer' with options: None
2018-10-21 17:32:31,441 [10] INFO Microsoft.EntityFrameworkCore.Database.Command - Executed DbCommand (11ms) [Parameters=[@p0='?' (Size = 4000), @p1='?' (Size = 4000), @p2='?' (DbType = DateTime2), @p3='?' (Size = 4000), @p4='?' (Size = 4000), @p5='?' (DbType = DateTime2), @p6='?' (Size = 4000)], CommandType='Text', CommandTimeout='30']
SET NOCOUNT ON;
INSERT INTO [EricaMQ_Messages] ([AdapterAssemblyQualifiedName], [Context], [CreatedDateTime], [Data], [FileAttachmentGUID], [ModifiedDateTime], [Sender])
VALUES (@p0, @p1, @p2, @p3, @p4, @p5, @p6);
SELECT [Id]
FROM [EricaMQ_Messages]
WHERE @@ROWCOUNT = 1 AND [Id] = scope_identity();
2018-10-21 17:32:31,459 [10] INFO Microsoft.AspNetCore.Mvc.Internal.ControllerActionInvoker - Executed action method Erica.MQ.Controllers.EricaMQController.Post (Erica.MQ), returned result Microsoft.AspNetCore.Mvc.JsonResult in 40.6641ms.
2018-10-21 17:32:31,467 [10] INFO Microsoft.AspNetCore.Mvc.Formatters.Json.Internal.JsonResultExecutor - Executing JsonResult, writing value of type 'Erica.MQ.Models.SQL.EricaMQ_Message'.
2018-10-21 17:32:31,487 [10] INFO Microsoft.AspNetCore.Mvc.Internal.ControllerActionInvoker - Executed action Erica.MQ.Controllers.EricaMQController.Post (Erica.MQ) in 82.4595ms
2018-10-21 17:32:31,506 [10] INFO Microsoft.AspNetCore.Hosting.Internal.WebHost - Request finished in 135.5065ms 200 application/json; charset=utf-8
2018-10-21 17:32:31,852 [6] INFO Microsoft.AspNetCore.Hosting.Internal.WebHost - Request starting HTTP/1.1 POST http://localhost/api/ericamq application/json; charset=utf-8 228
2018-10-21 17:32:31,908 [6] INFO Microsoft.AspNetCore.Authentication.JwtBearer.JwtBearerHandler - Successfully validated the token.
2018-10-21 17:32:31,921 [6] INFO Microsoft.AspNetCore.Mvc.Internal.ControllerActionInvoker - Route matched with {action = "Post", controller = "EricaMQ"}. Executing action Erica.MQ.Controllers.EricaMQController.Post (Erica.MQ)
2018-10-21 17:32:31,927 [6] INFO Microsoft.AspNetCore.Authorization.DefaultAuthorizationService - Authorization was successful.
2018-10-21 17:32:31,940 [6] INFO Microsoft.AspNetCore.Mvc.Internal.ControllerActionInvoker - Executing action method Erica.MQ.Controllers.EricaMQController.Post (Erica.MQ) with arguments (Erica.MQ.Models.SQL.EricaMQ_Message) - Validation state: Valid
2018-10-21 17:32:31,947 [6] INFO Microsoft.EntityFrameworkCore.Infrastructure - Entity Framework Core 2.2.0-preview2-35157 initialized 'EricaMQ_DBContext' using provider 'Microsoft.EntityFrameworkCore.SqlServer' with options: None
2018-10-21 17:32:31,970 [6] INFO Microsoft.EntityFrameworkCore.Database.Command - Executed DbCommand (7ms) [Parameters=[@p0='?' (Size = 4000), @p1='?' (Size = 4000), @p2='?' (DbType = DateTime2), @p3='?' (Size = 4000), @p4='?' (Size = 4000), @p5='?' (DbType = DateTime2), @p6='?' (Size = 4000)], CommandType='Text', CommandTimeout='30']
SET NOCOUNT ON;
INSERT INTO [EricaMQ_Messages] ([AdapterAssemblyQualifiedName], [Context], [CreatedDateTime], [Data], [FileAttachmentGUID], [ModifiedDateTime], [Sender])
VALUES (@p0, @p1, @p2, @p3, @p4, @p5, @p6);
SELECT [Id]
FROM [EricaMQ_Messages]
WHERE @@ROWCOUNT = 1 AND [Id] = scope_identity();
2018-10-21 17:32:32,005 [6] INFO Microsoft.AspNetCore.Mvc.Internal.ControllerActionInvoker - Executed action method Erica.MQ.Controllers.EricaMQController.Post (Erica.MQ), returned result Microsoft.AspNetCore.Mvc.JsonResult in 57.0293ms.
2018-10-21 17:32:32,011 [6] INFO Microsoft.AspNetCore.Mvc.Formatters.Json.Internal.JsonResultExecutor - Executing JsonResult, writing value of type 'Erica.MQ.Models.SQL.EricaMQ_Message'.
2018-10-21 17:32:32,020 [6] INFO Microsoft.AspNetCore.Mvc.Internal.ControllerActionInvoker - Executed action Erica.MQ.Controllers.EricaMQController.Post (Erica.MQ) in 90.2761ms
2018-10-21 17:32:32,025 [6] INFO Microsoft.AspNetCore.Hosting.Internal.WebHost - Request finished in 196.9044ms 200 application/json; charset=utf-8
2018-10-21 17:32:32,146 [10] INFO Microsoft.AspNetCore.Hosting.Internal.WebHost - Request starting HTTP/1.1 POST http://localhost/api/ericamq application/json; charset=utf-8 545
2018-10-21 17:32:32,158 [10] INFO Microsoft.AspNetCore.Authentication.JwtBearer.JwtBearerHandler - Successfully validated the token.
2018-10-21 17:32:32,163 [10] INFO Microsoft.AspNetCore.Mvc.Internal.ControllerActionInvoker - Route matched with {action = "Post", controller = "EricaMQ"}. Executing action Erica.MQ.Controllers.EricaMQController.Post (Erica.MQ)
2018-10-21 17:32:32,176 [10] INFO Microsoft.AspNetCore.Authorization.DefaultAuthorizationService - Authorization was successful.
2018-10-21 17:32:32,188 [10] INFO Microsoft.AspNetCore.Mvc.Internal.ControllerActionInvoker - Executing action method Erica.MQ.Controllers.EricaMQController.Post (Erica.MQ) with arguments (Erica.MQ.Models.SQL.EricaMQ_Message) - Validation state: Valid
2018-10-21 17:32:32,193 [10] INFO Microsoft.EntityFrameworkCore.Infrastructure - Entity Framework Core 2.2.0-preview2-35157 initialized 'EricaMQ_DBContext' using provider 'Microsoft.EntityFrameworkCore.SqlServer' with options: None
2018-10-21 17:32:32,211 [10] INFO Microsoft.EntityFrameworkCore.Database.Command - Executed DbCommand (10ms) [Parameters=[@p0='?' (Size = 4000), @p1='?' (Size = 4000), @p2='?' (DbType = DateTime2), @p3='?' (Size = 4000), @p4='?' (Size = 4000), @p5='?' (DbType = DateTime2), @p6='?' (Size = 4000)], CommandType='Text', CommandTimeout='30']
SET NOCOUNT ON;
INSERT INTO [EricaMQ_Messages] ([AdapterAssemblyQualifiedName], [Context], [CreatedDateTime], [Data], [FileAttachmentGUID], [ModifiedDateTime], [Sender])
VALUES (@p0, @p1, @p2, @p3, @p4, @p5, @p6);
SELECT [Id]
FROM [EricaMQ_Messages]
WHERE @@ROWCOUNT = 1 AND [Id] = scope_identity();
2018-10-21 17:32:32,237 [10] INFO Microsoft.AspNetCore.Mvc.Internal.ControllerActionInvoker - Executed action method Erica.MQ.Controllers.EricaMQController.Post (Erica.MQ), returned result Microsoft.AspNetCore.Mvc.JsonResult in 38.6687ms.
2018-10-21 17:32:32,244 [10] INFO Microsoft.AspNetCore.Mvc.Formatters.Json.Internal.JsonResultExecutor - Executing JsonResult, writing value of type 'Erica.MQ.Models.SQL.EricaMQ_Message'.
2018-10-21 17:32:32,254 [10] INFO Microsoft.AspNetCore.Mvc.Internal.ControllerActionInvoker - Executed action Erica.MQ.Controllers.EricaMQController.Post (Erica.MQ) in 82.6745ms
2018-10-21 17:32:32,263 [10] INFO Microsoft.AspNetCore.Hosting.Internal.WebHost - Request finished in 114.0592ms 200 application/json; charset=utf-8
2018-10-21 17:32:32,613 [10] INFO Microsoft.AspNetCore.Hosting.Internal.WebHost - Request starting HTTP/1.1 POST http://localhost/api/ericamq application/json; charset=utf-8 228
2018-10-21 17:32:32,625 [10] INFO Microsoft.AspNetCore.Authentication.JwtBearer.JwtBearerHandler - Successfully validated the token.
2018-10-21 17:32:32,643 [10] INFO Microsoft.AspNetCore.Mvc.Internal.ControllerActionInvoker - Route matched with {action = "Post", controller = "EricaMQ"}. Executing action Erica.MQ.Controllers.EricaMQController.Post (Erica.MQ)
2018-10-21 17:32:32,668 [10] INFO Microsoft.AspNetCore.Authorization.DefaultAuthorizationService - Authorization was successful.
2018-10-21 17:32:32,707 [10] INFO Microsoft.AspNetCore.Mvc.Internal.ControllerActionInvoker - Executing action method Erica.MQ.Controllers.EricaMQController.Post (Erica.MQ) with arguments (Erica.MQ.Models.SQL.EricaMQ_Message) - Validation state: Valid
2018-10-21 17:32:32,724 [10] INFO Microsoft.EntityFrameworkCore.Infrastructure - Entity Framework Core 2.2.0-preview2-35157 initialized 'EricaMQ_DBContext' using provider 'Microsoft.EntityFrameworkCore.SqlServer' with options: None
2018-10-21 17:32:32,766 [10] INFO Microsoft.EntityFrameworkCore.Database.Command - Executed DbCommand (18ms) [Parameters=[@p0='?' (Size = 4000), @p1='?' (Size = 4000), @p2='?' (DbType = DateTime2), @p3='?' (Size = 4000), @p4='?' (Size = 4000), @p5='?' (DbType = DateTime2), @p6='?' (Size = 4000)], CommandType='Text', CommandTimeout='30']
SET NOCOUNT ON;
INSERT INTO [EricaMQ_Messages] ([AdapterAssemblyQualifiedName], [Context], [CreatedDateTime], [Data], [FileAttachmentGUID], [ModifiedDateTime], [Sender])
VALUES (@p0, @p1, @p2, @p3, @p4, @p5, @p6);
SELECT [Id]
FROM [EricaMQ_Messages]
WHERE @@ROWCOUNT = 1 AND [Id] = scope_identity();
2018-10-21 17:32:32,787 [10] INFO Microsoft.AspNetCore.Mvc.Internal.ControllerActionInvoker - Executed action method Erica.MQ.Controllers.EricaMQController.Post (Erica.MQ), returned result Microsoft.AspNetCore.Mvc.JsonResult in 68.751ms.
2018-10-21 17:32:32,794 [10] INFO Microsoft.AspNetCore.Mvc.Formatters.Json.Internal.JsonResultExecutor - Executing JsonResult, writing value of type 'Erica.MQ.Models.SQL.EricaMQ_Message'.
2018-10-21 17:32:32,803 [10] INFO Microsoft.AspNetCore.Mvc.Internal.ControllerActionInvoker - Executed action Erica.MQ.Controllers.EricaMQController.Post (Erica.MQ) in 151.1916ms
2018-10-21 17:32:32,812 [10] INFO Microsoft.AspNetCore.Hosting.Internal.WebHost - Request finished in 200.3838ms 200 application/json; charset=utf-8
2018-10-21 17:32:33,154 [10] INFO Microsoft.AspNetCore.Hosting.Internal.WebHost - Request starting HTTP/1.1 POST http://localhost/api/ericamq application/json; charset=utf-8 545
2018-10-21 17:32:33,213 [10] INFO Microsoft.AspNetCore.Authentication.JwtBearer.JwtBearerHandler - Successfully validated the token.
2018-10-21 17:32:33,259 [10] INFO Microsoft.AspNetCore.Mvc.Internal.ControllerActionInvoker - Route matched with {action = "Post", controller = "EricaMQ"}. Executing action Erica.MQ.Controllers.EricaMQController.Post (Erica.MQ)
2018-10-21 17:32:33,291 [10] INFO Microsoft.AspNetCore.Authorization.DefaultAuthorizationService - Authorization was successful.
2018-10-21 17:32:33,313 [10] INFO Microsoft.AspNetCore.Mvc.Internal.ControllerActionInvoker - Executing action method Erica.MQ.Controllers.EricaMQController.Post (Erica.MQ) with arguments (Erica.MQ.Models.SQL.EricaMQ_Message) - Validation state: Valid
2018-10-21 17:32:33,378 [10] INFO Microsoft.EntityFrameworkCore.Infrastructure - Entity Framework Core 2.2.0-preview2-35157 initialized 'EricaMQ_DBContext' using provider 'Microsoft.EntityFrameworkCore.SqlServer' with options: None
2018-10-21 17:32:33,430 [10] INFO Microsoft.EntityFrameworkCore.Database.Command - Executed DbCommand (8ms) [Parameters=[@p0='?' (Size = 4000), @p1='?' (Size = 4000), @p2='?' (DbType = DateTime2), @p3='?' (Size = 4000), @p4='?' (Size = 4000), @p5='?' (DbType = DateTime2), @p6='?' (Size = 4000)], CommandType='Text', CommandTimeout='30']
SET NOCOUNT ON;
INSERT INTO [EricaMQ_Messages] ([AdapterAssemblyQualifiedName], [Context], [CreatedDateTime], [Data], [FileAttachmentGUID], [ModifiedDateTime], [Sender])
VALUES (@p0, @p1, @p2, @p3, @p4, @p5, @p6);
SELECT [Id]
FROM [EricaMQ_Messages]
WHERE @@ROWCOUNT = 1 AND [Id] = scope_identity();
2018-10-21 17:32:33,490 [10] INFO Microsoft.AspNetCore.Mvc.Internal.ControllerActionInvoker - Executed action method Erica.MQ.Controllers.EricaMQController.Post (Erica.MQ), returned result Microsoft.AspNetCore.Mvc.JsonResult in 152.9948ms.
2018-10-21 17:32:33,505 [10] INFO Microsoft.AspNetCore.Mvc.Formatters.Json.Internal.JsonResultExecutor - Executing JsonResult, writing value of type 'Erica.MQ.Models.SQL.EricaMQ_Message'.
2018-10-21 17:32:33,522 [10] INFO Microsoft.AspNetCore.Mvc.Internal.ControllerActionInvoker - Executed action Erica.MQ.Controllers.EricaMQController.Post (Erica.MQ) in 243.5394ms
2018-10-21 17:32:33,538 [10] INFO Microsoft.AspNetCore.Hosting.Internal.WebHost - Request finished in 451.084ms 200 application/json; charset=utf-8
2018-10-21 17:32:33,801 [6] INFO Microsoft.AspNetCore.Hosting.Internal.WebHost - Request starting HTTP/1.1 POST http://localhost/api/ericamq application/json; charset=utf-8 228
2018-10-21 17:32:33,809 [6] INFO Microsoft.AspNetCore.Authentication.JwtBearer.JwtBearerHandler - Successfully validated the token.
2018-10-21 17:32:33,825 [6] INFO Microsoft.AspNetCore.Mvc.Internal.ControllerActionInvoker - Route matched with {action = "Post", controller = "EricaMQ"}. Executing action Erica.MQ.Controllers.EricaMQController.Post (Erica.MQ)
2018-10-21 17:32:33,838 [6] INFO Microsoft.AspNetCore.Authorization.DefaultAuthorizationService - Authorization was successful.
2018-10-21 17:32:33,973 [6] INFO Microsoft.AspNetCore.Mvc.Internal.ControllerActionInvoker - Executing action method Erica.MQ.Controllers.EricaMQController.Post (Erica.MQ) with arguments (Erica.MQ.Models.SQL.EricaMQ_Message) - Validation state: Valid
2018-10-21 17:32:34,076 [6] INFO Microsoft.EntityFrameworkCore.Infrastructure - Entity Framework Core 2.2.0-preview2-35157 initialized 'EricaMQ_DBContext' using provider 'Microsoft.EntityFrameworkCore.SqlServer' with options: None
2018-10-21 17:32:34,308 [6] INFO Microsoft.EntityFrameworkCore.Database.Command - Executed DbCommand (15ms) [Parameters=[@p0='?' (Size = 4000), @p1='?' (Size = 4000), @p2='?' (DbType = DateTime2), @p3='?' (Size = 4000), @p4='?' (Size = 4000), @p5='?' (DbType = DateTime2), @p6='?' (Size = 4000)], CommandType='Text', CommandTimeout='30']
SET NOCOUNT ON;
INSERT INTO [EricaMQ_Messages] ([AdapterAssemblyQualifiedName], [Context], [CreatedDateTime], [Data], [FileAttachmentGUID], [ModifiedDateTime], [Sender])
VALUES (@p0, @p1, @p2, @p3, @p4, @p5, @p6);
SELECT [Id]
FROM [EricaMQ_Messages]
WHERE @@ROWCOUNT = 1 AND [Id] = scope_identity();
2018-10-21 17:32:34,396 [6] INFO Microsoft.AspNetCore.Mvc.Internal.ControllerActionInvoker - Executed action method Erica.MQ.Controllers.EricaMQController.Post (Erica.MQ), returned result Microsoft.AspNetCore.Mvc.JsonResult in 320.3279ms.
2018-10-21 17:32:34,447 [6] INFO Microsoft.AspNetCore.Mvc.Formatters.Json.Internal.JsonResultExecutor - Executing JsonResult, writing value of type 'Erica.MQ.Models.SQL.EricaMQ_Message'.
2018-10-21 17:32:34,511 [6] INFO Microsoft.AspNetCore.Mvc.Internal.ControllerActionInvoker - Executed action Erica.MQ.Controllers.EricaMQController.Post (Erica.MQ) in 635.745ms
2018-10-21 17:32:34,662 [6] INFO Microsoft.AspNetCore.Hosting.Internal.WebHost - Request finished in 717.0037ms 200 application/json; charset=utf-8
2018-10-21 17:32:34,770 [9] INFO Microsoft.AspNetCore.Hosting.Internal.WebHost - Request finished in 3431.7429ms 101 
2018-10-21 17:32:36,786 [19] INFO Microsoft.AspNetCore.Hosting.Internal.WebHost - Request finished in 5951.2718ms 101 
2018-10-21 17:33:01,359 [9] INFO Microsoft.AspNetCore.Hosting.Internal.WebHost - Request starting HTTP/1.1 POST http://localhost/api/ericamq application/json; charset=utf-8 556
2018-10-21 17:33:01,371 [9] INFO Microsoft.AspNetCore.Authentication.JwtBearer.JwtBearerHandler - Successfully validated the token.
2018-10-21 17:33:01,376 [9] INFO Microsoft.AspNetCore.Mvc.Internal.ControllerActionInvoker - Route matched with {action = "Post", controller = "EricaMQ"}. Executing action Erica.MQ.Controllers.EricaMQController.Post (Erica.MQ)
2018-10-21 17:33:01,383 [9] INFO Microsoft.AspNetCore.Authorization.DefaultAuthorizationService - Authorization was successful.
2018-10-21 17:33:01,392 [9] INFO Microsoft.AspNetCore.Mvc.Internal.ControllerActionInvoker - Executing action method Erica.MQ.Controllers.EricaMQController.Post (Erica.MQ) with arguments (Erica.MQ.Models.SQL.EricaMQ_Message) - Validation state: Valid
2018-10-21 17:33:01,404 [9] INFO Microsoft.EntityFrameworkCore.Infrastructure - Entity Framework Core 2.2.0-preview2-35157 initialized 'EricaMQ_DBContext' using provider 'Microsoft.EntityFrameworkCore.SqlServer' with options: None
2018-10-21 17:33:01,437 [9] INFO Microsoft.EntityFrameworkCore.Database.Command - Executed DbCommand (15ms) [Parameters=[@p0='?' (Size = 4000), @p1='?' (Size = 4000), @p2='?' (DbType = DateTime2), @p3='?' (Size = 4000), @p4='?' (Size = 4000), @p5='?' (DbType = DateTime2), @p6='?' (Size = 4000)], CommandType='Text', CommandTimeout='30']
SET NOCOUNT ON;
INSERT INTO [EricaMQ_Messages] ([AdapterAssemblyQualifiedName], [Context], [CreatedDateTime], [Data], [FileAttachmentGUID], [ModifiedDateTime], [Sender])
VALUES (@p0, @p1, @p2, @p3, @p4, @p5, @p6);
SELECT [Id]
FROM [EricaMQ_Messages]
WHERE @@ROWCOUNT = 1 AND [Id] = scope_identity();
2018-10-21 17:33:01,513 [9] INFO Microsoft.AspNetCore.Mvc.Internal.ControllerActionInvoker - Executed action method Erica.MQ.Controllers.EricaMQController.Post (Erica.MQ), returned result Microsoft.AspNetCore.Mvc.JsonResult in 50.4335ms.
2018-10-21 17:33:01,538 [9] INFO Microsoft.AspNetCore.Mvc.Formatters.Json.Internal.JsonResultExecutor - Executing JsonResult, writing value of type 'Erica.MQ.Models.SQL.EricaMQ_Message'.
2018-10-21 17:33:01,559 [9] INFO Microsoft.AspNetCore.Mvc.Internal.ControllerActionInvoker - Executed action Erica.MQ.Controllers.EricaMQController.Post (Erica.MQ) in 163.2136ms
2018-10-21 17:33:01,587 [9] INFO Microsoft.AspNetCore.Hosting.Internal.WebHost - Request finished in 204.3753ms 200 application/json; charset=utf-8
2018-10-21 17:33:04,168 [6] INFO Microsoft.AspNetCore.Hosting.Internal.WebHost - Request starting HTTP/1.1 POST http://localhost/api/ericamq application/json; charset=utf-8 592
2018-10-21 17:33:04,227 [6] INFO Microsoft.AspNetCore.Authentication.JwtBearer.JwtBearerHandler - Successfully validated the token.
2018-10-21 17:33:04,241 [6] INFO Microsoft.AspNetCore.Mvc.Internal.ControllerActionInvoker - Route matched with {action = "Post", controller = "EricaMQ"}. Executing action Erica.MQ.Controllers.EricaMQController.Post (Erica.MQ)
2018-10-21 17:33:04,325 [6] INFO Microsoft.AspNetCore.Authorization.DefaultAuthorizationService - Authorization was successful.
2018-10-21 17:33:04,388 [6] INFO Microsoft.AspNetCore.Mvc.Internal.ControllerActionInvoker - Executing action method Erica.MQ.Controllers.EricaMQController.Post (Erica.MQ) with arguments (Erica.MQ.Models.SQL.EricaMQ_Message) - Validation state: Valid
2018-10-21 17:33:04,452 [6] INFO Microsoft.EntityFrameworkCore.Infrastructure - Entity Framework Core 2.2.0-preview2-35157 initialized 'EricaMQ_DBContext' using provider 'Microsoft.EntityFrameworkCore.SqlServer' with options: None
2018-10-21 17:33:04,475 [6] INFO Microsoft.EntityFrameworkCore.Database.Command - Executed DbCommand (11ms) [Parameters=[@p0='?' (Size = 4000), @p1='?' (Size = 4000), @p2='?' (DbType = DateTime2), @p3='?' (Size = 4000), @p4='?' (Size = 4000), @p5='?' (DbType = DateTime2), @p6='?' (Size = 4000)], CommandType='Text', CommandTimeout='30']
SET NOCOUNT ON;
INSERT INTO [EricaMQ_Messages] ([AdapterAssemblyQualifiedName], [Context], [CreatedDateTime], [Data], [FileAttachmentGUID], [ModifiedDateTime], [Sender])
VALUES (@p0, @p1, @p2, @p3, @p4, @p5, @p6);
SELECT [Id]
FROM [EricaMQ_Messages]
WHERE @@ROWCOUNT = 1 AND [Id] = scope_identity();
2018-10-21 17:33:04,498 [6] INFO Microsoft.AspNetCore.Mvc.Internal.ControllerActionInvoker - Executed action method Erica.MQ.Controllers.EricaMQController.Post (Erica.MQ), returned result Microsoft.AspNetCore.Mvc.JsonResult in 85.1988ms.
2018-10-21 17:33:04,510 [6] INFO Microsoft.AspNetCore.Mvc.Formatters.Json.Internal.JsonResultExecutor - Executing JsonResult, writing value of type 'Erica.MQ.Models.SQL.EricaMQ_Message'.
2018-10-21 17:33:04,527 [6] INFO Microsoft.AspNetCore.Mvc.Internal.ControllerActionInvoker - Executed action Erica.MQ.Controllers.EricaMQController.Post (Erica.MQ) in 267.209ms
2018-10-21 17:33:04,540 [6] INFO Microsoft.AspNetCore.Hosting.Internal.WebHost - Request finished in 421.2853ms 200 application/json; charset=utf-8
2018-10-21 17:33:06,944 [6] INFO Microsoft.AspNetCore.Hosting.Internal.WebHost - Request starting HTTP/1.1 POST http://localhost/api/ericamq application/json; charset=utf-8 556
2018-10-21 17:33:06,976 [6] INFO Microsoft.AspNetCore.Authentication.JwtBearer.JwtBearerHandler - Successfully validated the token.
2018-10-21 17:33:06,991 [6] INFO Microsoft.AspNetCore.Mvc.Internal.ControllerActionInvoker - Route matched with {action = "Post", controller = "EricaMQ"}. Executing action Erica.MQ.Controllers.EricaMQController.Post (Erica.MQ)
2018-10-21 17:33:07,002 [6] INFO Microsoft.AspNetCore.Authorization.DefaultAuthorizationService - Authorization was successful.
2018-10-21 17:33:07,011 [6] INFO Microsoft.AspNetCore.Mvc.Internal.ControllerActionInvoker - Executing action method Erica.MQ.Controllers.EricaMQController.Post (Erica.MQ) with arguments (Erica.MQ.Models.SQL.EricaMQ_Message) - Validation state: Valid
2018-10-21 17:33:07,035 [6] INFO Microsoft.EntityFrameworkCore.Infrastructure - Entity Framework Core 2.2.0-preview2-35157 initialized 'EricaMQ_DBContext' using provider 'Microsoft.EntityFrameworkCore.SqlServer' with options: None
2018-10-21 17:33:07,458 [6] INFO Microsoft.EntityFrameworkCore.Database.Command - Executed DbCommand (42ms) [Parameters=[@p0='?' (Size = 4000), @p1='?' (Size = 4000), @p2='?' (DbType = DateTime2), @p3='?' (Size = 4000), @p4='?' (Size = 4000), @p5='?' (DbType = DateTime2), @p6='?' (Size = 4000)], CommandType='Text', CommandTimeout='30']
SET NOCOUNT ON;
INSERT INTO [EricaMQ_Messages] ([AdapterAssemblyQualifiedName], [Context], [CreatedDateTime], [Data], [FileAttachmentGUID], [ModifiedDateTime], [Sender])
VALUES (@p0, @p1, @p2, @p3, @p4, @p5, @p6);
SELECT [Id]
FROM [EricaMQ_Messages]
WHERE @@ROWCOUNT = 1 AND [Id] = scope_identity();
2018-10-21 17:33:07,628 [6] INFO Microsoft.AspNetCore.Mvc.Internal.ControllerActionInvoker - Executed action method Erica.MQ.Controllers.EricaMQController.Post (Erica.MQ), returned result Microsoft.AspNetCore.Mvc.JsonResult in 564.0904ms.
2018-10-21 17:33:07,653 [6] INFO Microsoft.AspNetCore.Mvc.Formatters.Json.Internal.JsonResultExecutor - Executing JsonResult, writing value of type 'Erica.MQ.Models.SQL.EricaMQ_Message'.
2018-10-21 17:33:07,663 [6] INFO Microsoft.AspNetCore.Mvc.Internal.ControllerActionInvoker - Executed action Erica.MQ.Controllers.EricaMQController.Post (Erica.MQ) in 661.5279ms
2018-10-21 17:33:07,683 [6] INFO Microsoft.AspNetCore.Hosting.Internal.WebHost - Request finished in 733.5147ms 200 application/json; charset=utf-8
